<?xml version="1.0" encoding="UTF-8"?>
<!-- Generated by org.testng.reporters.JUnitXMLReporter -->
<testsuite hostname="SABAREESH-PC" ignored="0" name="Test" tests="1" failures="1" timestamp="2020-04-19T20:39:36 IST" time="38.975" errors="0">
  <testcase name="verifyInvalidLogin" time="14.992" classname="scripts.Regression">
    <failure type="java.lang.NullPointerException">
      <![CDATA[java.lang.NullPointerException
at utilities.ExcelUtility.writeExcelCellData(ExcelUtility.java:62)
at scripts.Regression.verifyInvalidLogin(Regression.java:71)
at java.util.ArrayList.forEach(ArrayList.java:1257)
... Removed 27 stack frames]]>
    </failure>
  </testcase> <!-- verifyInvalidLogin -->
</testsuite> <!-- Test -->
