<?xml version="1.0" encoding="UTF-8"?>
<!-- Generated by org.testng.reporters.JUnitXMLReporter -->
<testsuite hostname="SABAREESH-PC" ignored="0" name="Test" tests="1" failures="1" timestamp="2020-04-19T21:27:32 IST" time="76.99" errors="0">
  <testcase name="verifyInvalidLogin" time="24.088" classname="scripts.Regression">
    <failure type="java.lang.NullPointerException">
      <![CDATA[java.lang.NullPointerException
at utilities.ExcelUtility.readExcelCellData(ExcelUtility.java:39)
at scripts.Regression.verifyInvalidLogin(Regression.java:58)
at java.util.ArrayList.forEach(ArrayList.java:1257)
... Removed 27 stack frames]]>
    </failure>
  </testcase> <!-- verifyInvalidLogin -->
</testsuite> <!-- Test -->
